<?xml version="1.0" encoding="UTF-8"?>
<testng-results skipped="0" failed="0" total="2" passed="2">
  <reporter-output>
  </reporter-output>
  <suite name="Suite1" duration-ms="44697" started-at="2021-03-04T09:38:04Z" finished-at="2021-03-04T09:38:48Z">
    <groups>
    </groups>
    <test name="ChromeTest" duration-ms="24897" started-at="2021-03-04T09:38:04Z" finished-at="2021-03-04T09:38:29Z">
      <class name="pkg1.CrossBrowser">
        <test-method status="PASS" signature="setup(java.lang.String)[pri:0, instance:pkg1.CrossBrowser@77be656f]" name="setup" is-config="true" duration-ms="7714" started-at="2021-03-04T15:08:04Z" finished-at="2021-03-04T15:08:11Z">
          <params>
            <param index="0">
              <value>
                <![CDATA[chrome]]>
              </value>
            </param>
          </params>
          <reporter-output>
          </reporter-output>
        </test-method> <!-- setup -->
        <test-method status="PASS" signature="demo()[pri:0, instance:pkg1.CrossBrowser@77be656f]" name="demo" duration-ms="17101" started-at="2021-03-04T15:08:12Z" finished-at="2021-03-04T15:08:29Z">
          <reporter-output>
          </reporter-output>
        </test-method> <!-- demo -->
      </class> <!-- pkg1.CrossBrowser -->
    </test> <!-- ChromeTest -->
    <test name="FirefoxTest" duration-ms="44697" started-at="2021-03-04T09:38:04Z" finished-at="2021-03-04T09:38:48Z">
      <class name="pkg1.CrossBrowser">
        <test-method status="PASS" signature="setup(java.lang.String)[pri:0, instance:pkg1.CrossBrowser@3ffcd140]" name="setup" is-config="true" duration-ms="31771" started-at="2021-03-04T15:08:04Z" finished-at="2021-03-04T15:08:35Z">
          <params>
            <param index="0">
              <value>
                <![CDATA[firefox]]>
              </value>
            </param>
          </params>
          <reporter-output>
          </reporter-output>
        </test-method> <!-- setup -->
        <test-method status="PASS" signature="demo()[pri:0, instance:pkg1.CrossBrowser@3ffcd140]" name="demo" duration-ms="12924" started-at="2021-03-04T15:08:35Z" finished-at="2021-03-04T15:08:48Z">
          <reporter-output>
          </reporter-output>
        </test-method> <!-- demo -->
      </class> <!-- pkg1.CrossBrowser -->
    </test> <!-- FirefoxTest -->
  </suite> <!-- Suite1 -->
</testng-results>
